{"meta": {"format": 3, "version": "7.13.0", "timestamp": "2026-02-02T18:27:33.388929", "branch_coverage": false, "show_contexts": false}, "files": {"app\\main.py": {"executed_lines": [], "summary": {"covered_lines": 0, "num_statements": 916, "percent_covered": 0.0, "percent_covered_display": "0", "missing_lines": 916, "excluded_lines": 0, "percent_statements_covered": 0.0, "percent_statements_covered_display": "0"}, "missing_lines": [1, 2, 3, 4, 5, 6, 7, 8, 9, 10, 11, 12, 13, 16, 20, 21, 24, 29, 36, 45, 46, 49, 52, 55, 56, 64, 67, 70, 77, 80, 81, 83, 85, 86, 87, 88, 89, 91, 93, 94, 95, 97, 98, 99, 100, 101, 102, 104, 106, 107, 108, 109, 110, 112, 121, 122, 123, 124, 125, 127, 128, 129, 130, 131, 132, 133, 134, 135, 136, 138, 139, 140, 143, 144, 146, 147, 148, 150, 151, 152, 153, 154, 156, 157, 160, 162, 163, 164, 165, 166, 167, 169, 170, 172, 173, 175, 176, 177, 178, 181, 183, 184, 185, 186, 188, 189, 192, 206, 207, 209, 210, 211, 212, 213, 216, 217, 223, 225, 226, 227, 230, 237, 238, 239, 241, 243, 244, 246, 252, 254, 255, 256, 262, 267, 269, 270, 271, 272, 278, 281, 282, 284, 285, 286, 288, 289, 292, 293, 294, 300, 301, 302, 307, 308, 309, 315, 323, 330, 331, 333, 335, 336, 337, 343, 347, 348, 349, 355, 357, 358, 360, 361, 362, 363, 364, 366, 368, 369, 370, 372, 373, 374, 376, 377, 378, 379, 380, 381, 382, 387, 388, 390, 391, 392, 393, 395, 396, 397, 398, 399, 404, 405, 407, 408, 416, 418, 419, 420, 424, 426, 427, 428, 429, 434, 435, 436, 437, 438, 440, 441, 442, 443, 447, 448, 449, 450, 451, 454, 462, 463, 464, 465, 467, 468, 469, 470, 474, 475, 477, 478, 479, 483, 484, 487, 488, 489, 490, 491, 492, 493, 497, 498, 499, 500, 501, 503, 505, 506, 507, 510, 511, 512, 513, 514, 518, 519, 520, 523, 524, 525, 526, 528, 529, 530, 533, 534, 535, 537, 539, 540, 542, 544, 546, 547, 549, 551, 552, 559, 560, 567, 569, 570, 572, 573, 574, 575, 576, 579, 581, 582, 583, 585, 586, 589, 590, 591, 600, 602, 603, 604, 609, 610, 612, 613, 615, 617, 618, 619, 620, 624, 625, 626, 627, 629, 630, 639, 640, 641, 642, 643, 644, 645, 648, 650, 651, 652, 654, 655, 658, 665, 666, 668, 669, 673, 674, 675, 676, 679, 680, 690, 691, 692, 693, 694, 696, 697, 698, 700, 701, 702, 704, 707, 710, 711, 713, 722, 723, 724, 725, 727, 730, 732, 749, 755, 756, 757, 758, 761, 762, 763, 765, 772, 773, 774, 775, 776, 777, 778, 779, 780, 781, 782, 786, 787, 792, 794, 795, 796, 799, 806, 808, 809, 811, 817, 818, 819, 824, 826, 827, 828, 830, 831, 832, 834, 837, 838, 839, 846, 847, 848, 849, 851, 858, 860, 861, 862, 864, 865, 867, 868, 869, 871, 872, 876, 878, 879, 881, 882, 884, 885, 886, 887, 888, 890, 891, 895, 900, 901, 910, 911, 915, 917, 918, 919, 924, 925, 926, 927, 928, 930, 931, 936, 943, 945, 946, 951, 952, 953, 954, 955, 957, 958, 959, 963, 964, 965, 966, 967, 971, 972, 974, 976, 978, 979, 983, 984, 990, 991, 998, 1000, 1001, 1003, 1005, 1006, 1008, 1009, 1010, 1019, 1020, 1022, 1023, 1025, 1026, 1028, 1029, 1031, 1032, 1034, 1035, 1036, 1037, 1040, 1041, 1043, 1045, 1047, 1048, 1049, 1050, 1051, 1053, 1054, 1056, 1057, 1058, 1059, 1061, 1062, 1064, 1065, 1066, 1067, 1068, 1071, 1072, 1075, 1076, 1085, 1088, 1090, 1091, 1092, 1093, 1094, 1095, 1098, 1100, 1101, 1102, 1104, 1105, 1110, 1112, 1114, 1117, 1118, 1121, 1123, 1125, 1126, 1127, 1136, 1138, 1140, 1141, 1142, 1144, 1145, 1146, 1148, 1149, 1150, 1155, 1157, 1158, 1159, 1162, 1163, 1164, 1169, 1170, 1171, 1172, 1176, 1177, 1179, 1180, 1181, 1185, 1186, 1189, 1190, 1191, 1198, 1199, 1200, 1202, 1203, 1205, 1206, 1207, 1208, 1209, 1210, 1211, 1212, 1214, 1215, 1217, 1218, 1222, 1223, 1225, 1227, 1229, 1230, 1232, 1233, 1235, 1237, 1238, 1240, 1242, 1243, 1245, 1246, 1247, 1248, 1249, 1252, 1254, 1255, 1256, 1258, 1259, 1262, 1263, 1264, 1273, 1275, 1276, 1277, 1279, 1280, 1282, 1283, 1285, 1287, 1288, 1289, 1290, 1291, 1292, 1293, 1294, 1297, 1298, 1304, 1306, 1307, 1308, 1311, 1318, 1319, 1320, 1322, 1324, 1325, 1327, 1333, 1335, 1336, 1337, 1343, 1348, 1350, 1351, 1352, 1353, 1359, 1362, 1363, 1365, 1366, 1367, 1369, 1370, 1374, 1376, 1377, 1379, 1380, 1381, 1382, 1383, 1385, 1386, 1387, 1388, 1390, 1397, 1399, 1400, 1401, 1403, 1405, 1410, 1411, 1412, 1413, 1414, 1415, 1421, 1429, 1436, 1437, 1439, 1441, 1442, 1443, 1449, 1453, 1454, 1455, 1461, 1463, 1464, 1466, 1467, 1468, 1469, 1470, 1472, 1474, 1475, 1476, 1478, 1479, 1481, 1482, 1483, 1485, 1486, 1487, 1488, 1490, 1491, 1492, 1493, 1494, 1496, 1497, 1499, 1500, 1501, 1502, 1504, 1505, 1506, 1507, 1508, 1513, 1514, 1515, 1516, 1517, 1518, 1522, 1525, 1526, 1528, 1529, 1538, 1540, 1541, 1542, 1546, 1548, 1549, 1550, 1551, 1556, 1557, 1558, 1559, 1560, 1562, 1563, 1564, 1565, 1569, 1570, 1571, 1572, 1573, 1576, 1584, 1585, 1586, 1587, 1589, 1590, 1591, 1592, 1596, 1597, 1599, 1600, 1601, 1605, 1606, 1609, 1610, 1611, 1612, 1613, 1614, 1615, 1618, 1619, 1620, 1621, 1622, 1624, 1626, 1627, 1628, 1631, 1632, 1633, 1634, 1635, 1639, 1640, 1641, 1644, 1645, 1646, 1647, 1649, 1650, 1651, 1653, 1654, 1655, 1657, 1659, 1660, 1662, 1664, 1666, 1667, 1669, 1670, 1671, 1677, 1678, 1685, 1687, 1688, 1690, 1692, 1694, 1695, 1696, 1697, 1698, 1700, 1701, 1703, 1704, 1705, 1706, 1708, 1709, 1711, 1712, 1713, 1714, 1715, 1717, 1718, 1720, 1721, 1722, 1723, 1724, 1727, 1729, 1730, 1731, 1733, 1734, 1737, 1738, 1739, 1748, 1750, 1751, 1752, 1754, 1755, 1757, 1758, 1760, 1762, 1763, 1764, 1765, 1766, 1767, 1768, 1769, 1772, 1773, 1774], "excluded_lines": [], "functions": {"add_correlation_id_middleware": {"executed_lines": [], "summary": {"covered_lines": 0, "num_statements": 8, "percent_covered": 0.0, "percent_covered_display": "0", "missing_lines": 8, "excluded_lines": 0, "percent_statements_covered": 0.0, "percent_statements_covered_display": "0"}, "missing_lines": [49, 52, 55, 56, 64, 67, 70, 77], "excluded_lines": []}, "root": {"executed_lines": [], "summary": {"covered_lines": 0, "num_statements": 1, "percent_covered": 0.0, "percent_covered_display": "0", "missing_lines": 1, "excluded_lines": 0, "percent_statements_covered": 0.0, "percent_statements_covered_display": "0"}, "missing_lines": [140], "excluded_lines": []}, "get_user_tokens": {"executed_lines": [], "summary": {"covered_lines": 0, "num_statements": 14, "percent_covered": 0.0, "percent_covered_display": "0", "missing_lines": 14, "excluded_lines": 0, "percent_statements_covered": 0.0, "percent_statements_covered_display": "0"}, "missing_lines": [162, 163, 164, 165, 166, 167, 169, 170, 172, 173, 175, 176, 177, 178], "excluded_lines": []}, "save_user_tokens": {"executed_lines": [], "summary": {"covered_lines": 0, "num_statements": 14, "percent_covered": 0.0, "percent_covered_display": "0", "missing_lines": 14, "excluded_lines": 0, "percent_statements_covered": 0.0, "percent_statements_covered_display": "0"}, "missing_lines": [183, 184, 185, 186, 188, 189, 192, 206, 207, 209, 210, 211, 212, 213], "excluded_lines": []}, "linkedin_auth": {"executed_lines": [], "summary": {"covered_lines": 0, "num_statements": 52, "percent_covered": 0.0, "percent_covered_display": "0", "missing_lines": 52, "excluded_lines": 0, "percent_statements_covered": 0.0, "percent_statements_covered_display": "0"}, "missing_lines": [223, 225, 226, 227, 230, 237, 238, 239, 241, 243, 244, 246, 252, 254, 255, 256, 262, 267, 269, 270, 271, 272, 278, 281, 282, 284, 285, 286, 288, 289, 292, 293, 294, 300, 301, 302, 307, 308, 309, 315, 323, 330, 331, 333, 335, 336, 337, 343, 347, 348, 349, 355], "excluded_lines": []}, "linkedin_callback": {"executed_lines": [], "summary": {"covered_lines": 0, "num_statements": 108, "percent_covered": 0.0, "percent_covered_display": "0", "missing_lines": 108, "excluded_lines": 0, "percent_statements_covered": 0.0, "percent_statements_covered_display": "0"}, "missing_lines": [360, 361, 362, 363, 364, 366, 368, 369, 370, 372, 373, 374, 376, 377, 378, 379, 380, 381, 382, 387, 388, 390, 391, 392, 393, 395, 396, 397, 398, 399, 404, 405, 407, 408, 416, 418, 419, 420, 424, 426, 427, 428, 429, 434, 435, 436, 437, 438, 440, 441, 442, 443, 447, 448, 449, 450, 451, 454, 462, 463, 464, 465, 467, 468, 469, 470, 474, 475, 477, 478, 479, 483, 484, 487, 488, 489, 490, 491, 492, 493, 497, 498, 499, 500, 501, 503, 505, 506, 507, 510, 511, 512, 513, 514, 518, 519, 520, 523, 524, 525, 526, 528, 529, 530, 533, 534, 535, 537], "excluded_lines": []}, "linkedin_status": {"executed_lines": [], "summary": {"covered_lines": 0, "num_statements": 10, "percent_covered": 0.0, "percent_covered_display": "0", "missing_lines": 10, "excluded_lines": 0, "percent_statements_covered": 0.0, "percent_statements_covered_display": "0"}, "missing_lines": [542, 544, 546, 547, 549, 551, 552, 559, 560, 567], "excluded_lines": []}, "post_to_linkedin": {"executed_lines": [], "summary": {"covered_lines": 0, "num_statements": 31, "percent_covered": 0.0, "percent_covered_display": "0", "missing_lines": 31, "excluded_lines": 0, "percent_statements_covered": 0.0, "percent_statements_covered_display": "0"}, "missing_lines": [572, 573, 574, 575, 576, 579, 581, 582, 583, 585, 586, 589, 590, 591, 600, 602, 603, 604, 609, 610, 612, 613, 615, 617, 618, 619, 620, 624, 625, 626, 627], "excluded_lines": []}, "post_to_linkedin_with_image": {"executed_lines": [], "summary": {"covered_lines": 0, "num_statements": 67, "percent_covered": 0.0, "percent_covered_display": "0", "missing_lines": 67, "excluded_lines": 0, "percent_statements_covered": 0.0, "percent_statements_covered_display": "0"}, "missing_lines": [639, 640, 641, 642, 643, 644, 645, 648, 650, 651, 652, 654, 655, 658, 665, 666, 668, 669, 673, 674, 675, 676, 679, 680, 690, 691, 692, 693, 694, 696, 697, 698, 700, 701, 702, 704, 707, 710, 711, 713, 722, 723, 724, 725, 727, 730, 732, 749, 755, 756, 757, 758, 761, 762, 763, 765, 772, 773, 774, 775, 776, 777, 778, 779, 780, 781, 782], "excluded_lines": []}, "twitter_auth": {"executed_lines": [], "summary": {"covered_lines": 0, "num_statements": 68, "percent_covered": 0.0, "percent_covered_display": "0", "missing_lines": 68, "excluded_lines": 0, "percent_statements_covered": 0.0, "percent_statements_covered_display": "0"}, "missing_lines": [1304, 1306, 1307, 1308, 1311, 1318, 1319, 1320, 1322, 1324, 1325, 1327, 1333, 1335, 1336, 1337, 1343, 1348, 1350, 1351, 1352, 1353, 1359, 1362, 1363, 1365, 1366, 1367, 1369, 1370, 1374, 1376, 1377, 1379, 1380, 1381, 1382, 1383, 1385, 1386, 1387, 1388, 1390, 1397, 1399, 1400, 1401, 1403, 1405, 1410, 1411, 1412, 1413, 1414, 1415, 1421, 1429, 1436, 1437, 1439, 1441, 1442, 1443, 1449, 1453, 1454, 1455, 1461], "excluded_lines": []}, "twitter_callback": {"executed_lines": [], "summary": {"covered_lines": 0, "num_statements": 119, "percent_covered": 0.0, "percent_covered_display": "0", "missing_lines": 119, "excluded_lines": 0, "percent_statements_covered": 0.0, "percent_statements_covered_display": "0"}, "missing_lines": [1466, 1467, 1468, 1469, 1470, 1472, 1474, 1475, 1476, 1478, 1479, 1481, 1482, 1483, 1485, 1486, 1487, 1488, 1490, 1491, 1492, 1493, 1494, 1496, 1497, 1499, 1500, 1501, 1502, 1504, 1505, 1506, 1507, 1508, 1513, 1514, 1515, 1516, 1517, 1518, 1522, 1525, 1526, 1528, 1529, 1538, 1540, 1541, 1542, 1546, 1548, 1549, 1550, 1551, 1556, 1557, 1558, 1559, 1560, 1562, 1563, 1564, 1565, 1569, 1570, 1571, 1572, 1573, 1576, 1584, 1585, 1586, 1587, 1589, 1590, 1591, 1592, 1596, 1597, 1599, 1600, 1601, 1605, 1606, 1609, 1610, 1611, 1612, 1613, 1614, 1615, 1618, 1619, 1620, 1621, 1622, 1624, 1626, 1627, 1628, 1631, 1632, 1633, 1634, 1635, 1639, 1640, 1641, 1644, 1645, 1646, 1647, 1649, 1650, 1651, 1653, 1654, 1655, 1657], "excluded_lines": []}, "twitter_status": {"executed_lines": [], "summary": {"covered_lines": 0, "num_statements": 10, "percent_covered": 0.0, "percent_covered_display": "0", "missing_lines": 10, "excluded_lines": 0, "percent_statements_covered": 0.0, "percent_statements_covered_display": "0"}, "missing_lines": [1662, 1664, 1666, 1667, 1669, 1670, 1671, 1677, 1678, 1685], "excluded_lines": []}, "post_to_twitter": {"executed_lines": [], "summary": {"covered_lines": 0, "num_statements": 31, "percent_covered": 0.0, "percent_covered_display": "0", "missing_lines": 31, "excluded_lines": 0, "percent_statements_covered": 0.0, "percent_statements_covered_display": "0"}, "missing_lines": [1720, 1721, 1722, 1723, 1724, 1727, 1729, 1730, 1731, 1733, 1734, 1737, 1738, 1739, 1748, 1750, 1751, 1752, 1754, 1755, 1757, 1758, 1760, 1762, 1763, 1764, 1765, 1766, 1767, 1768, 1769], "excluded_lines": []}, "disconnect_twitter": {"executed_lines": [], "summary": {"covered_lines": 0, "num_statements": 20, "percent_covered": 0.0, "percent_covered_display": "0", "missing_lines": 20, "excluded_lines": 0, "percent_statements_covered": 0.0, "percent_statements_covered_display": "0"}, "missing_lines": [1690, 1692, 1694, 1695, 1696, 1697, 1698, 1700, 1701, 1703, 1704, 1705, 1706, 1708, 1709, 1711, 1712, 1713, 1714, 1715], "excluded_lines": []}, "disconnect_linkedin": {"executed_lines": [], "summary": {"covered_lines": 0, "num_statements": 20, "percent_covered": 0.0, "percent_covered_display": "0", "missing_lines": 20, "excluded_lines": 0, "percent_statements_covered": 0.0, "percent_statements_covered_display": "0"}, "missing_lines": [1043, 1045, 1047, 1048, 1049, 1050, 1051, 1053, 1054, 1056, 1057, 1058, 1059, 1061, 1062, 1064, 1065, 1066, 1067, 1068], "excluded_lines": []}, "delete_linkedin_post": {"executed_lines": [], "summary": {"covered_lines": 0, "num_statements": 46, "percent_covered": 0.0, "percent_covered_display": "0", "missing_lines": 46, "excluded_lines": 0, "percent_statements_covered": 0.0, "percent_statements_covered_display": "0"}, "missing_lines": [1085, 1088, 1090, 1091, 1092, 1093, 1094, 1095, 1098, 1100, 1101, 1102, 1104, 1105, 1110, 1112, 1114, 1117, 1118, 1121, 1123, 1125, 1126, 1127, 1136, 1138, 1140, 1141, 1142, 1144, 1145, 1146, 1148, 1149, 1150, 1155, 1157, 1158, 1159, 1162, 1163, 1164, 1169, 1170, 1171, 1172], "excluded_lines": []}, "facebook_auth": {"executed_lines": [], "summary": {"covered_lines": 0, "num_statements": 11, "percent_covered": 0.0, "percent_covered_display": "0", "missing_lines": 11, "excluded_lines": 0, "percent_statements_covered": 0.0, "percent_statements_covered_display": "0"}, "missing_lines": [1179, 1180, 1181, 1185, 1186, 1189, 1190, 1191, 1198, 1199, 1200], "excluded_lines": []}, "facebook_callback": {"executed_lines": [], "summary": {"covered_lines": 0, "num_statements": 18, "percent_covered": 0.0, "percent_covered_display": "0", "missing_lines": 18, "excluded_lines": 0, "percent_statements_covered": 0.0, "percent_statements_covered_display": "0"}, "missing_lines": [1205, 1206, 1207, 1208, 1209, 1210, 1211, 1212, 1214, 1215, 1217, 1218, 1222, 1223, 1225, 1227, 1229, 1230], "excluded_lines": []}, "facebook_status": {"executed_lines": [], "summary": {"covered_lines": 0, "num_statements": 4, "percent_covered": 0.0, "percent_covered_display": "0", "missing_lines": 4, "excluded_lines": 0, "percent_statements_covered": 0.0, "percent_statements_covered_display": "0"}, "missing_lines": [1235, 1237, 1238, 1240], "excluded_lines": []}, "post_to_facebook": {"executed_lines": [], "summary": {"covered_lines": 0, "num_statements": 31, "percent_covered": 0.0, "percent_covered_display": "0", "missing_lines": 31, "excluded_lines": 0, "percent_statements_covered": 0.0, "percent_statements_covered_display": "0"}, "missing_lines": [1245, 1246, 1247, 1248, 1249, 1252, 1254, 1255, 1256, 1258, 1259, 1262, 1263, 1264, 1273, 1275, 1276, 1277, 1279, 1280, 1282, 1283, 1285, 1287, 1288, 1289, 1290, 1291, 1292, 1293, 1294], "excluded_lines": []}, "health_check": {"executed_lines": [], "summary": {"covered_lines": 0, "num_statements": 1, "percent_covered": 0.0, "percent_covered_display": "0", "missing_lines": 1, "excluded_lines": 0, "percent_statements_covered": 0.0, "percent_statements_covered_display": "0"}, "missing_lines": [1774], "excluded_lines": []}, "": {"executed_lines": [], "summary": {"covered_lines": 0, "num_statements": 123, "percent_covered": 0.0, "percent_covered_display": "0", "missing_lines": 123, "excluded_lines": 0, "percent_statements_covered": 0.0, "percent_statements_covered_display": "0"}, "missing_lines": [1, 2, 3, 4, 5, 6, 7, 8, 9, 10, 11, 12, 13, 16, 20, 21, 24, 29, 36, 45, 46, 80, 81, 83, 85, 86, 87, 88, 89, 91, 93, 94, 95, 97, 98, 99, 100, 101, 102, 104, 106, 107, 108, 109, 110, 112, 121, 122, 123, 124, 125, 127, 128, 129, 130, 131, 132, 133, 134, 135, 136, 138, 139, 143, 144, 146, 147, 148, 150, 151, 152, 153, 154, 156, 157, 160, 181, 216, 217, 357, 358, 539, 540, 569, 570, 629, 630, 786, 787, 864, 865, 971, 972, 1000, 1001, 1028, 1029, 1040, 1041, 1071, 1072, 1075, 1076, 1176, 1177, 1202, 1203, 1232, 1233, 1242, 1243, 1297, 1298, 1463, 1464, 1659, 1660, 1687, 1688, 1717, 1718, 1772, 1773], "excluded_lines": []}}, "classes": {"PostRequest": {"executed_lines": [], "summary": {"covered_lines": 0, "num_statements": 0, "percent_covered": 100.0, "percent_covered_display": "100", "missing_lines": 0, "excluded_lines": 0, "percent_statements_covered": 100.0, "percent_statements_covered_display": "100"}, "missing_lines": [], "excluded_lines": []}, "PostWithImageRequest": {"executed_lines": [], "summary": {"covered_lines": 0, "num_statements": 0, "percent_covered": 100.0, "percent_covered_display": "100", "missing_lines": 0, "excluded_lines": 0, "percent_statements_covered": 100.0, "percent_statements_covered_display": "100"}, "missing_lines": [], "excluded_lines": []}, "AuthUrlResponse": {"executed_lines": [], "summary": {"covered_lines": 0, "num_statements": 0, "percent_covered": 100.0, "percent_covered_display": "100", "missing_lines": 0, "excluded_lines": 0, "percent_statements_covered": 100.0, "percent_statements_covered_display": "100"}, "missing_lines": [], "excluded_lines": []}, "DeletePostRequest": {"executed_lines": [], "summary": {"covered_lines": 0, "num_statements": 0, "percent_covered": 100.0, "percent_covered_display": "100", "missing_lines": 0, "excluded_lines": 0, "percent_statements_covered": 100.0, "percent_statements_covered_display": "100"}, "missing_lines": [], "excluded_lines": []}, "": {"executed_lines": [], "summary": {"covered_lines": 0, "num_statements": 916, "percent_covered": 0.0, "percent_covered_display": "0", "missing_lines": 916, "excluded_lines": 0, "percent_statements_covered": 0.0, "percent_statements_covered_display": "0"}, "missing_lines": [1, 2, 3, 4, 5, 6, 7, 8, 9, 10, 11, 12, 13, 16, 20, 21, 24, 29, 36, 45, 46, 49, 52, 55, 56, 64, 67, 70, 77, 80, 81, 83, 85, 86, 87, 88, 89, 91, 93, 94, 95, 97, 98, 99, 100, 101, 102, 104, 106, 107, 108, 109, 110, 112, 121, 122, 123, 124, 125, 127, 128, 129, 130, 131, 132, 133, 134, 135, 136, 138, 139, 140, 143, 144, 146, 147, 148, 150, 151, 152, 153, 154, 156, 157, 160, 162, 163, 164, 165, 166, 167, 169, 170, 172, 173, 175, 176, 177, 178, 181, 183, 184, 185, 186, 188, 189, 192, 206, 207, 209, 210, 211, 212, 213, 216, 217, 223, 225, 226, 227, 230, 237, 238, 239, 241, 243, 244, 246, 252, 254, 255, 256, 262, 267, 269, 270, 271, 272, 278, 281, 282, 284, 285, 286, 288, 289, 292, 293, 294, 300, 301, 302, 307, 308, 309, 315, 323, 330, 331, 333, 335, 336, 337, 343, 347, 348, 349, 355, 357, 358, 360, 361, 362, 363, 364, 366, 368, 369, 370, 372, 373, 374, 376, 377, 378, 379, 380, 381, 382, 387, 388, 390, 391, 392, 393, 395, 396, 397, 398, 399, 404, 405, 407, 408, 416, 418, 419, 420, 424, 426, 427, 428, 429, 434, 435, 436, 437, 438, 440, 441, 442, 443, 447, 448, 449, 450, 451, 454, 462, 463, 464, 465, 467, 468, 469, 470, 474, 475, 477, 478, 479, 483, 484, 487, 488, 489, 490, 491, 492, 493, 497, 498, 499, 500, 501, 503, 505, 506, 507, 510, 511, 512, 513, 514, 518, 519, 520, 523, 524, 525, 526, 528, 529, 530, 533, 534, 535, 537, 539, 540, 542, 544, 546, 547, 549, 551, 552, 559, 560, 567, 569, 570, 572, 573, 574, 575, 576, 579, 581, 582, 583, 585, 586, 589, 590, 591, 600, 602, 603, 604, 609, 610, 612, 613, 615, 617, 618, 619, 620, 624, 625, 626, 627, 629, 630, 639, 640, 641, 642, 643, 644, 645, 648, 650, 651, 652, 654, 655, 658, 665, 666, 668, 669, 673, 674, 675, 676, 679, 680, 690, 691, 692, 693, 694, 696, 697, 698, 700, 701, 702, 704, 707, 710, 711, 713, 722, 723, 724, 725, 727, 730, 732, 749, 755, 756, 757, 758, 761, 762, 763, 765, 772, 773, 774, 775, 776, 777, 778, 779, 780, 781, 782, 786, 787, 792, 794, 795, 796, 799, 806, 808, 809, 811, 817, 818, 819, 824, 826, 827, 828, 830, 831, 832, 834, 837, 838, 839, 846, 847, 848, 849, 851, 858, 860, 861, 862, 864, 865, 867, 868, 869, 871, 872, 876, 878, 879, 881, 882, 884, 885, 886, 887, 888, 890, 891, 895, 900, 901, 910, 911, 915, 917, 918, 919, 924, 925, 926, 927, 928, 930, 931, 936, 943, 945, 946, 951, 952, 953, 954, 955, 957, 958, 959, 963, 964, 965, 966, 967, 971, 972, 974, 976, 978, 979, 983, 984, 990, 991, 998, 1000, 1001, 1003, 1005, 1006, 1008, 1009, 1010, 1019, 1020, 1022, 1023, 1025, 1026, 1028, 1029, 1031, 1032, 1034, 1035, 1036, 1037, 1040, 1041, 1043, 1045, 1047, 1048, 1049, 1050, 1051, 1053, 1054, 1056, 1057, 1058, 1059, 1061, 1062, 1064, 1065, 1066, 1067, 1068, 1071, 1072, 1075, 1076, 1085, 1088, 1090, 1091, 1092, 1093, 1094, 1095, 1098, 1100, 1101, 1102, 1104, 1105, 1110, 1112, 1114, 1117, 1118, 1121, 1123, 1125, 1126, 1127, 1136, 1138, 1140, 1141, 1142, 1144, 1145, 1146, 1148, 1149, 1150, 1155, 1157, 1158, 1159, 1162, 1163, 1164, 1169, 1170, 1171, 1172, 1176, 1177, 1179, 1180, 1181, 1185, 1186, 1189, 1190, 1191, 1198, 1199, 1200, 1202, 1203, 1205, 1206, 1207, 1208, 1209, 1210, 1211, 1212, 1214, 1215, 1217, 1218, 1222, 1223, 1225, 1227, 1229, 1230, 1232, 1233, 1235, 1237, 1238, 1240, 1242, 1243, 1245, 1246, 1247, 1248, 1249, 1252, 1254, 1255, 1256, 1258, 1259, 1262, 1263, 1264, 1273, 1275, 1276, 1277, 1279, 1280, 1282, 1283, 1285, 1287, 1288, 1289, 1290, 1291, 1292, 1293, 1294, 1297, 1298, 1304, 1306, 1307, 1308, 1311, 1318, 1319, 1320, 1322, 1324, 1325, 1327, 1333, 1335, 1336, 1337, 1343, 1348, 1350, 1351, 1352, 1353, 1359, 1362, 1363, 1365, 1366, 1367, 1369, 1370, 1374, 1376, 1377, 1379, 1380, 1381, 1382, 1383, 1385, 1386, 1387, 1388, 1390, 1397, 1399, 1400, 1401, 1403, 1405, 1410, 1411, 1412, 1413, 1414, 1415, 1421, 1429, 1436, 1437, 1439, 1441, 1442, 1443, 1449, 1453, 1454, 1455, 1461, 1463, 1464, 1466, 1467, 1468, 1469, 1470, 1472, 1474, 1475, 1476, 1478, 1479, 1481, 1482, 1483, 1485, 1486, 1487, 1488, 1490, 1491, 1492, 1493, 1494, 1496, 1497, 1499, 1500, 1501, 1502, 1504, 1505, 1506, 1507, 1508, 1513, 1514, 1515, 1516, 1517, 1518, 1522, 1525, 1526, 1528, 1529, 1538, 1540, 1541, 1542, 1546, 1548, 1549, 1550, 1551, 1556, 1557, 1558, 1559, 1560, 1562, 1563, 1564, 1565, 1569, 1570, 1571, 1572, 1573, 1576, 1584, 1585, 1586, 1587, 1589, 1590, 1591, 1592, 1596, 1597, 1599, 1600, 1601, 1605, 1606, 1609, 1610, 1611, 1612, 1613, 1614, 1615, 1618, 1619, 1620, 1621, 1622, 1624, 1626, 1627, 1628, 1631, 1632, 1633, 1634, 1635, 1639, 1640, 1641, 1644, 1645, 1646, 1647, 1649, 1650, 1651, 1653, 1654, 1655, 1657, 1659, 1660, 1662, 1664, 1666, 1667, 1669, 1670, 1671, 1677, 1678, 1685, 1687, 1688, 1690, 1692, 1694, 1695, 1696, 1697, 1698, 1700, 1701, 1703, 1704, 1705, 1706, 1708, 1709, 1711, 1712, 1713, 1714, 1715, 1717, 1718, 1720, 1721, 1722, 1723, 1724, 1727, 1729, 1730, 1731, 1733, 1734, 1737, 1738, 1739, 1748, 1750, 1751, 1752, 1754, 1755, 1757, 1758, 1760, 1762, 1763, 1764, 1765, 1766, 1767, 1768, 1769, 1772, 1773, 1774], "excluded_lines": []}}}, "app\\storage.py": {"executed_lines": [], "summary": {"covered_lines": 0, "num_statements": 119, "percent_covered": 0.0, "percent_covered_display": "0", "missing_lines": 119, "excluded_lines": 0, "percent_statements_covered": 0.0, "percent_statements_covered_display": "0"}, "missing_lines": [4, 5, 6, 7, 8, 9, 12, 13, 15, 21, 24, 25, 26, 28, 30, 32, 33, 34, 35, 37, 38, 39, 40, 42, 43, 44, 53, 54, 55, 57, 59, 60, 61, 63, 72, 73, 78, 80, 81, 89, 90, 92, 94, 105, 106, 107, 112, 114, 120, 121, 125, 127, 128, 130, 131, 136, 138, 141, 143, 150, 152, 153, 157, 159, 167, 168, 173, 175, 176, 179, 192, 199, 200, 201, 206, 208, 215, 216, 221, 223, 224, 225, 227, 228, 233, 235, 236, 238, 240, 241, 248, 250, 251, 256, 258, 265, 266, 271, 273, 275, 276, 280, 289, 290, 291, 293, 294, 295, 296, 298, 299, 305, 307, 313, 320, 321, 322, 327, 331], "excluded_lines": [], "functions": {"TokenStorage.__init__": {"executed_lines": [], "summary": {"covered_lines": 0, "num_statements": 2, "percent_covered": 0.0, "percent_covered_display": "0", "missing_lines": 2, "excluded_lines": 0, "percent_statements_covered": 0.0, "percent_statements_covered_display": "0"}, "missing_lines": [25, 26], "excluded_lines": []}, "TokenStorage._initialize_firebase": {"executed_lines": [], "summary": {"covered_lines": 0, "num_statements": 19, "percent_covered": 0.0, "percent_covered_display": "0", "missing_lines": 19, "excluded_lines": 0, "percent_statements_covered": 0.0, "percent_statements_covered_display": "0"}, "missing_lines": [30, 32, 33, 34, 35, 37, 38, 39, 40, 42, 43, 44, 53, 54, 55, 57, 59, 60, 61], "excluded_lines": []}, "TokenStorage.save_oauth_state": {"executed_lines": [], "summary": {"covered_lines": 0, "num_statements": 13, "percent_covered": 0.0, "percent_covered_display": "0", "missing_lines": 13, "excluded_lines": 0, "percent_statements_covered": 0.0, "percent_statements_covered_display": "0"}, "missing_lines": [72, 73, 78, 80, 81, 89, 90, 92, 94, 105, 106, 107, 112], "excluded_lines": []}, "TokenStorage.validate_oauth_state": {"executed_lines": [], "summary": {"covered_lines": 0, "num_statements": 15, "percent_covered": 0.0, "percent_covered_display": "0", "missing_lines": 15, "excluded_lines": 0, "percent_statements_covered": 0.0, "percent_statements_covered_display": "0"}, "missing_lines": [120, 121, 125, 127, 128, 130, 131, 136, 138, 141, 143, 150, 152, 153, 157], "excluded_lines": []}, "TokenStorage.save_tokens": {"executed_lines": [], "summary": {"covered_lines": 0, "num_statements": 11, "percent_covered": 0.0, "percent_covered_display": "0", "missing_lines": 11, "excluded_lines": 0, "percent_statements_covered": 0.0, "percent_statements_covered_display": "0"}, "missing_lines": [167, 168, 173, 175, 176, 179, 192, 199, 200, 201, 206], "excluded_lines": []}, "TokenStorage.get_tokens": {"executed_lines": [], "summary": {"covered_lines": 0, "num_statements": 18, "percent_covered": 0.0, "percent_covered_display": "0", "missing_lines": 18, "excluded_lines": 0, "percent_statements_covered": 0.0, "percent_statements_covered_display": "0"}, "missing_lines": [215, 216, 221, 223, 224, 225, 227, 228, 233, 235, 236, 238, 240, 241, 248, 250, 251, 256], "excluded_lines": []}, "TokenStorage.disconnect_platform": {"executed_lines": [], "summary": {"covered_lines": 0, "num_statements": 23, "percent_covered": 0.0, "percent_covered_display": "0", "missing_lines": 23, "excluded_lines": 0, "percent_statements_covered": 0.0, "percent_statements_covered_display": "0"}, "missing_lines": [265, 266, 271, 273, 275, 276, 280, 289, 290, 291, 293, 294, 295, 296, 298, 299, 305, 307, 313, 320, 321, 322, 327], "excluded_lines": []}, "": {"executed_lines": [], "summary": {"covered_lines": 0, "num_statements": 18, "percent_covered": 0.0, "percent_covered_display": "0", "missing_lines": 18, "excluded_lines": 0, "percent_statements_covered": 0.0, "percent_statements_covered_display": "0"}, "missing_lines": [4, 5, 6, 7, 8, 9, 12, 13, 15, 21, 24, 28, 63, 114, 159, 208, 258, 331], "excluded_lines": []}}, "classes": {"TokenStorage": {"executed_lines": [], "summary": {"covered_lines": 0, "num_statements": 101, "percent_covered": 0.0, "percent_covered_display": "0", "missing_lines": 101, "excluded_lines": 0, "percent_statements_covered": 0.0, "percent_statements_covered_display": "0"}, "missing_lines": [25, 26, 30, 32, 33, 34, 35, 37, 38, 39, 40, 42, 43, 44, 53, 54, 55, 57, 59, 60, 61, 72, 73, 78, 80, 81, 89, 90, 92, 94, 105, 106, 107, 112, 120, 121, 125, 127, 128, 130, 131, 136, 138, 141, 143, 150, 152, 153, 157, 167, 168, 173, 175, 176, 179, 192, 199, 200, 201, 206, 215, 216, 221, 223, 224, 225, 227, 228, 233, 235, 236, 238, 240, 241, 248, 250, 251, 256, 265, 266, 271, 273, 275, 276, 280, 289, 290, 291, 293, 294, 295, 296, 298, 299, 305, 307, 313, 320, 321, 322, 327], "excluded_lines": []}, "": {"executed_lines": [], "summary": {"covered_lines": 0, "num_statements": 18, "percent_covered": 0.0, "percent_covered_display": "0", "missing_lines": 18, "excluded_lines": 0, "percent_statements_covered": 0.0, "percent_statements_covered_display": "0"}, "missing_lines": [4, 5, 6, 7, 8, 9, 12, 13, 15, 21, 24, 28, 63, 114, 159, 208, 258, 331], "excluded_lines": []}}}, "app\\test_linkedin_flow.py": {"executed_lines": [], "summary": {"covered_lines": 0, "num_statements": 56, "percent_covered": 0.0, "percent_covered_display": "0", "missing_lines": 56, "excluded_lines": 0, "percent_statements_covered": 0.0, "percent_statements_covered_display": "0"}, "missing_lines": [4, 5, 6, 9, 12, 13, 14, 15, 17, 18, 19, 22, 23, 24, 26, 27, 28, 30, 31, 32, 35, 36, 37, 38, 39, 48, 49, 51, 54, 55, 57, 58, 59, 61, 68, 71, 72, 74, 75, 76, 77, 78, 79, 81, 84, 85, 86, 88, 89, 90, 92, 93, 94, 95, 96, 97], "excluded_lines": [], "functions": {"": {"executed_lines": [], "summary": {"covered_lines": 0, "num_statements": 56, "percent_covered": 0.0, "percent_covered_display": "0", "missing_lines": 56, "excluded_lines": 0, "percent_statements_covered": 0.0, "percent_statements_covered_display": "0"}, "missing_lines": [4, 5, 6, 9, 12, 13, 14, 15, 17, 18, 19, 22, 23, 24, 26, 27, 28, 30, 31, 32, 35, 36, 37, 38, 39, 48, 49, 51, 54, 55, 57, 58, 59, 61, 68, 71, 72, 74, 75, 76, 77, 78, 79, 81, 84, 85, 86, 88, 89, 90, 92, 93, 94, 95, 96, 97], "excluded_lines": []}}, "classes": {"": {"executed_lines": [], "summary": {"covered_lines": 0, "num_statements": 56, "percent_covered": 0.0, "percent_covered_display": "0", "missing_lines": 56, "excluded_lines": 0, "percent_statements_covered": 0.0, "percent_statements_covered_display": "0"}, "missing_lines": [4, 5, 6, 9, 12, 13, 14, 15, 17, 18, 19, 22, 23, 24, 26, 27, 28, 30, 31, 32, 35, 36, 37, 38, 39, 48, 49, 51, 54, 55, 57, 58, 59, 61, 68, 71, 72, 74, 75, 76, 77, 78, 79, 81, 84, 85, 86, 88, 89, 90, 92, 93, 94, 95, 96, 97], "excluded_lines": []}}}}, "totals": {"covered_lines": 0, "num_statements": 1091, "percent_covered": 0.0, "percent_covered_display": "0", "missing_lines": 1091, "excluded_lines": 0, "percent_statements_covered": 0.0, "percent_statements_covered_display": "0"}}