{"meta": {"format": 3, "version": "7.11.3", "timestamp": "2025-11-17T18:21:58.521654", "branch_coverage": false, "show_contexts": false}, "files": {"app/main.py": {"executed_lines": [1, 2, 3, 4, 5, 6, 7, 8, 9, 10, 11, 14, 16, 23, 32, 33, 35, 37, 39, 41, 42, 43, 45, 46, 60, 61, 62, 64, 65, 69, 70, 72, 73, 74, 76, 77, 80, 82, 85, 86, 87, 89, 92, 93, 95, 101, 129, 130, 132, 135, 136, 139, 142, 143, 144, 154, 163, 165, 166, 168, 170, 171, 172, 173, 174, 175, 177, 179, 180, 183, 184, 185, 188, 189, 201, 202, 205, 228, 229, 231, 233, 234, 236, 238, 239, 245, 247, 248, 251, 253, 254, 256, 257, 258, 267, 268, 269, 270, 272, 280, 281, 283, 284, 285, 286, 287, 290, 295, 296, 321, 322, 351, 352, 361, 362, 390, 391, 415, 416, 445, 446, 455, 456, 484, 485], "summary": {"covered_lines": 125, "num_statements": 255, "percent_covered": 49.01960784313726, "percent_covered_display": "49", "missing_lines": 130, "excluded_lines": 0}, "missing_lines": [36, 55, 56, 57, 59, 66, 83, 84, 90, 96, 97, 98, 103, 104, 105, 106, 107, 110, 123, 124, 125, 126, 150, 151, 206, 211, 212, 215, 223, 226, 276, 277, 278, 291, 292, 298, 299, 300, 304, 305, 308, 309, 310, 317, 318, 319, 324, 325, 326, 327, 328, 329, 330, 331, 333, 334, 336, 337, 341, 342, 344, 346, 348, 349, 354, 356, 357, 359, 364, 366, 367, 369, 370, 371, 380, 381, 382, 383, 384, 385, 386, 387, 393, 394, 395, 399, 400, 402, 403, 404, 411, 412, 413, 418, 419, 420, 421, 422, 423, 424, 425, 427, 428, 430, 431, 435, 436, 438, 440, 442, 443, 448, 450, 451, 453, 458, 460, 461, 463, 464, 465, 474, 475, 476, 477, 478, 479, 480, 481, 486], "excluded_lines": [], "functions": {"root": {"executed_lines": [], "summary": {"covered_lines": 0, "num_statements": 1, "percent_covered": 0.0, "percent_covered_display": "0", "missing_lines": 1, "excluded_lines": 0}, "missing_lines": [66], "excluded_lines": []}, "get_user_tokens": {"executed_lines": [82, 85, 86, 87, 89, 92, 93, 95], "summary": {"covered_lines": 8, "num_statements": 14, "percent_covered": 57.142857142857146, "percent_covered_display": "57", "missing_lines": 6, "excluded_lines": 0}, "missing_lines": [83, 84, 90, 96, 97, 98], "excluded_lines": []}, "save_user_tokens": {"executed_lines": [], "summary": {"covered_lines": 0, "num_statements": 10, "percent_covered": 0.0, "percent_covered_display": "0", "missing_lines": 10, "excluded_lines": 0}, "missing_lines": [103, 104, 105, 106, 107, 110, 123, 124, 125, 126], "excluded_lines": []}, "linkedin_auth": {"executed_lines": [132, 135, 136, 139, 142, 143, 144, 154, 163], "summary": {"covered_lines": 9, "num_statements": 11, "percent_covered": 81.81818181818181, "percent_covered_display": "82", "missing_lines": 2, "excluded_lines": 0}, "missing_lines": [150, 151], "excluded_lines": []}, "linkedin_callback": {"executed_lines": [168, 170, 171, 172, 173, 174, 175, 177, 179, 180, 183, 184, 185, 188, 189, 201, 202, 205, 228, 229, 231], "summary": {"covered_lines": 21, "num_statements": 27, "percent_covered": 77.77777777777777, "percent_covered_display": "78", "missing_lines": 6, "excluded_lines": 0}, "missing_lines": [206, 211, 212, 215, 223, 226], "excluded_lines": []}, "linkedin_status": {"executed_lines": [236, 238, 239, 245], "summary": {"covered_lines": 4, "num_statements": 4, "percent_covered": 100.0, "percent_covered_display": "100", "missing_lines": 0, "excluded_lines": 0}, "missing_lines": [], "excluded_lines": []}, "post_to_linkedin": {"executed_lines": [251, 253, 254, 256, 257, 258, 267, 268, 269, 270, 272], "summary": {"covered_lines": 11, "num_statements": 14, "percent_covered": 78.57142857142857, "percent_covered_display": "79", "missing_lines": 3, "excluded_lines": 0}, "missing_lines": [276, 277, 278], "excluded_lines": []}, "disconnect_linkedin": {"executed_lines": [283, 284, 285, 286, 287, 290], "summary": {"covered_lines": 6, "num_statements": 8, "percent_covered": 75.0, "percent_covered_display": "75", "missing_lines": 2, "excluded_lines": 0}, "missing_lines": [291, 292], "excluded_lines": []}, "facebook_auth": {"executed_lines": [], "summary": {"covered_lines": 0, "num_statements": 11, "percent_covered": 0.0, "percent_covered_display": "0", "missing_lines": 11, "excluded_lines": 0}, "missing_lines": [298, 299, 300, 304, 305, 308, 309, 310, 317, 318, 319], "excluded_lines": []}, "facebook_callback": {"executed_lines": [], "summary": {"covered_lines": 0, "num_statements": 18, "percent_covered": 0.0, "percent_covered_display": "0", "missing_lines": 18, "excluded_lines": 0}, "missing_lines": [324, 325, 326, 327, 328, 329, 330, 331, 333, 334, 336, 337, 341, 342, 344, 346, 348, 349], "excluded_lines": []}, "facebook_status": {"executed_lines": [], "summary": {"covered_lines": 0, "num_statements": 4, "percent_covered": 0.0, "percent_covered_display": "0", "missing_lines": 4, "excluded_lines": 0}, "missing_lines": [354, 356, 357, 359], "excluded_lines": []}, "post_to_facebook": {"executed_lines": [], "summary": {"covered_lines": 0, "num_statements": 14, "percent_covered": 0.0, "percent_covered_display": "0", "missing_lines": 14, "excluded_lines": 0}, "missing_lines": [364, 366, 367, 369, 370, 371, 380, 381, 382, 383, 384, 385, 386, 387], "excluded_lines": []}, "twitter_auth": {"executed_lines": [], "summary": {"covered_lines": 0, "num_statements": 11, "percent_covered": 0.0, "percent_covered_display": "0", "missing_lines": 11, "excluded_lines": 0}, "missing_lines": [393, 394, 395, 399, 400, 402, 403, 404, 411, 412, 413], "excluded_lines": []}, "twitter_callback": {"executed_lines": [], "summary": {"covered_lines": 0, "num_statements": 18, "percent_covered": 0.0, "percent_covered_display": "0", "missing_lines": 18, "excluded_lines": 0}, "missing_lines": [418, 419, 420, 421, 422, 423, 424, 425, 427, 428, 430, 431, 435, 436, 438, 440, 442, 443], "excluded_lines": []}, "twitter_status": {"executed_lines": [], "summary": {"covered_lines": 0, "num_statements": 4, "percent_covered": 0.0, "percent_covered_display": "0", "missing_lines": 4, "excluded_lines": 0}, "missing_lines": [448, 450, 451, 453], "excluded_lines": []}, "post_to_twitter": {"executed_lines": [], "summary": {"covered_lines": 0, "num_statements": 14, "percent_covered": 0.0, "percent_covered_display": "0", "missing_lines": 14, "excluded_lines": 0}, "missing_lines": [458, 460, 461, 463, 464, 465, 474, 475, 476, 477, 478, 479, 480, 481], "excluded_lines": []}, "health_check": {"executed_lines": [], "summary": {"covered_lines": 0, "num_statements": 1, "percent_covered": 0.0, "percent_covered_display": "0", "missing_lines": 1, "excluded_lines": 0}, "missing_lines": [486], "excluded_lines": []}, "": {"executed_lines": [1, 2, 3, 4, 5, 6, 7, 8, 9, 10, 11, 14, 16, 23, 32, 33, 35, 37, 39, 41, 42, 43, 45, 46, 60, 61, 62, 64, 65, 69, 70, 72, 73, 74, 76, 77, 80, 101, 129, 130, 165, 166, 233, 234, 247, 248, 280, 281, 295, 296, 321, 322, 351, 352, 361, 362, 390, 391, 415, 416, 445, 446, 455, 456, 484, 485], "summary": {"covered_lines": 66, "num_statements": 71, "percent_covered": 92.95774647887323, "percent_covered_display": "93", "missing_lines": 5, "excluded_lines": 0}, "missing_lines": [36, 55, 56, 57, 59], "excluded_lines": []}}, "classes": {"PostRequest": {"executed_lines": [], "summary": {"covered_lines": 0, "num_statements": 0, "percent_covered": 100.0, "percent_covered_display": "100", "missing_lines": 0, "excluded_lines": 0}, "missing_lines": [], "excluded_lines": []}, "AuthUrlResponse": {"executed_lines": [], "summary": {"covered_lines": 0, "num_statements": 0, "percent_covered": 100.0, "percent_covered_display": "100", "missing_lines": 0, "excluded_lines": 0}, "missing_lines": [], "excluded_lines": []}, "": {"executed_lines": [1, 2, 3, 4, 5, 6, 7, 8, 9, 10, 11, 14, 16, 23, 32, 33, 35, 37, 39, 41, 42, 43, 45, 46, 60, 61, 62, 64, 65, 69, 70, 72, 73, 74, 76, 77, 80, 82, 85, 86, 87, 89, 92, 93, 95, 101, 129, 130, 132, 135, 136, 139, 142, 143, 144, 154, 163, 165, 166, 168, 170, 171, 172, 173, 174, 175, 177, 179, 180, 183, 184, 185, 188, 189, 201, 202, 205, 228, 229, 231, 233, 234, 236, 238, 239, 245, 247, 248, 251, 253, 254, 256, 257, 258, 267, 268, 269, 270, 272, 280, 281, 283, 284, 285, 286, 287, 290, 295, 296, 321, 322, 351, 352, 361, 362, 390, 391, 415, 416, 445, 446, 455, 456, 484, 485], "summary": {"covered_lines": 125, "num_statements": 255, "percent_covered": 49.01960784313726, "percent_covered_display": "49", "missing_lines": 130, "excluded_lines": 0}, "missing_lines": [36, 55, 56, 57, 59, 66, 83, 84, 90, 96, 97, 98, 103, 104, 105, 106, 107, 110, 123, 124, 125, 126, 150, 151, 206, 211, 212, 215, 223, 226, 276, 277, 278, 291, 292, 298, 299, 300, 304, 305, 308, 309, 310, 317, 318, 319, 324, 325, 326, 327, 328, 329, 330, 331, 333, 334, 336, 337, 341, 342, 344, 346, 348, 349, 354, 356, 357, 359, 364, 366, 367, 369, 370, 371, 380, 381, 382, 383, 384, 385, 386, 387, 393, 394, 395, 399, 400, 402, 403, 404, 411, 412, 413, 418, 419, 420, 421, 422, 423, 424, 425, 427, 428, 430, 431, 435, 436, 438, 440, 442, 443, 448, 450, 451, 453, 458, 460, 461, 463, 464, 465, 474, 475, 476, 477, 478, 479, 480, 481, 486], "excluded_lines": []}}}}, "totals": {"covered_lines": 125, "num_statements": 255, "percent_covered": 49.01960784313726, "percent_covered_display": "49", "missing_lines": 130, "excluded_lines": 0}}